13-Apr-2022 11:27:58.724 INFO [main] org.apache.catalina.startup.VersionLoggerListener.log Server version name:   Apache Tomcat/10.0.20
13-Apr-2022 11:27:58.729 INFO [main] org.apache.catalina.startup.VersionLoggerListener.log Server built:          Mar 31 2022 14:24:36 UTC
13-Apr-2022 11:27:58.729 INFO [main] org.apache.catalina.startup.VersionLoggerListener.log Server version number: 10.0.20.0
13-Apr-2022 11:27:58.729 INFO [main] org.apache.catalina.startup.VersionLoggerListener.log OS Name:               Windows 10
13-Apr-2022 11:27:58.729 INFO [main] org.apache.catalina.startup.VersionLoggerListener.log OS Version:            10.0
13-Apr-2022 11:27:58.729 INFO [main] org.apache.catalina.startup.VersionLoggerListener.log Architecture:          amd64
13-Apr-2022 11:27:58.730 INFO [main] org.apache.catalina.startup.VersionLoggerListener.log Java Home:             C:\Program Files\Java\jdk-18
13-Apr-2022 11:27:58.730 INFO [main] org.apache.catalina.startup.VersionLoggerListener.log JVM Version:           18+36-2087
13-Apr-2022 11:27:58.730 INFO [main] org.apache.catalina.startup.VersionLoggerListener.log JVM Vendor:            Oracle Corporation
13-Apr-2022 11:27:58.730 INFO [main] org.apache.catalina.startup.VersionLoggerListener.log CATALINA_BASE:         C:\Users\goncalo.diogo\IdeaProjects\JSP\apache-tomcat-10.0.20
13-Apr-2022 11:27:58.730 INFO [main] org.apache.catalina.startup.VersionLoggerListener.log CATALINA_HOME:         C:\Users\goncalo.diogo\IdeaProjects\JSP\apache-tomcat-10.0.20
13-Apr-2022 11:27:58.771 INFO [main] org.apache.catalina.startup.VersionLoggerListener.log Command line argument: --add-opens=java.base/java.lang=ALL-UNNAMED
13-Apr-2022 11:27:58.772 INFO [main] org.apache.catalina.startup.VersionLoggerListener.log Command line argument: --add-opens=java.base/java.io=ALL-UNNAMED
13-Apr-2022 11:27:58.772 INFO [main] org.apache.catalina.startup.VersionLoggerListener.log Command line argument: --add-opens=java.base/java.util=ALL-UNNAMED
13-Apr-2022 11:27:58.772 INFO [main] org.apache.catalina.startup.VersionLoggerListener.log Command line argument: --add-opens=java.base/java.util.concurrent=ALL-UNNAMED
13-Apr-2022 11:27:58.772 INFO [main] org.apache.catalina.startup.VersionLoggerListener.log Command line argument: --add-opens=java.rmi/sun.rmi.transport=ALL-UNNAMED
13-Apr-2022 11:27:58.772 INFO [main] org.apache.catalina.startup.VersionLoggerListener.log Command line argument: -Djava.util.logging.config.file=C:\Users\goncalo.diogo\IdeaProjects\JSP\apache-tomcat-10.0.20\conf\logging.properties
13-Apr-2022 11:27:58.773 INFO [main] org.apache.catalina.startup.VersionLoggerListener.log Command line argument: -Djava.util.logging.manager=org.apache.juli.ClassLoaderLogManager
13-Apr-2022 11:27:58.773 INFO [main] org.apache.catalina.startup.VersionLoggerListener.log Command line argument: -Djdk.tls.ephemeralDHKeySize=2048
13-Apr-2022 11:27:58.773 INFO [main] org.apache.catalina.startup.VersionLoggerListener.log Command line argument: -Djava.protocol.handler.pkgs=org.apache.catalina.webresources
13-Apr-2022 11:27:58.774 INFO [main] org.apache.catalina.startup.VersionLoggerListener.log Command line argument: -Dignore.endorsed.dirs=
13-Apr-2022 11:27:58.774 INFO [main] org.apache.catalina.startup.VersionLoggerListener.log Command line argument: -Dcatalina.base=C:\Users\goncalo.diogo\IdeaProjects\JSP\apache-tomcat-10.0.20
13-Apr-2022 11:27:58.775 INFO [main] org.apache.catalina.startup.VersionLoggerListener.log Command line argument: -Dcatalina.home=C:\Users\goncalo.diogo\IdeaProjects\JSP\apache-tomcat-10.0.20
13-Apr-2022 11:27:58.775 INFO [main] org.apache.catalina.startup.VersionLoggerListener.log Command line argument: -Djava.io.tmpdir=C:\Users\goncalo.diogo\IdeaProjects\JSP\apache-tomcat-10.0.20\temp
13-Apr-2022 11:27:58.780 INFO [main] org.apache.catalina.core.AprLifecycleListener.lifecycleEvent The Apache Tomcat Native library which allows using OpenSSL was not found on the java.library.path: [C:\Program Files\Java\jdk-18\bin;C:\windows\Sun\Java\bin;C:\windows\system32;C:\windows;C:\Program Files\Common Files\Oracle\Java\javapath;C:\windows\system32;C:\windows;C:\windows\System32\Wbem;C:\windows\System32\WindowsPowerShell\v1.0\;C:\windows\System32\OpenSSH\;%JAVA_HOME\bin;C:\Program Files\Git\cmd;C:\Users\goncalo.diogo\Documents\apache-maven-3.8.5\bin;C:\Program Files\MySQL\MySQL Shell 8.0\bin\;C:\Users\goncalo.diogo\AppData\Local\Microsoft\WindowsApps;;C:\Users\goncalo.diogo\AppData\Local\Programs\Microsoft VS Code\bin;C:\Program Files\JetBrains\IntelliJ IDEA Community Edition 2021.3.3\bin;;.]
13-Apr-2022 11:27:59.033 INFO [main] org.apache.coyote.AbstractProtocol.init Initializing ProtocolHandler ["http-nio-8080"]
13-Apr-2022 11:27:59.053 INFO [main] org.apache.catalina.startup.Catalina.load Server initialization in [495] milliseconds
13-Apr-2022 11:27:59.090 INFO [main] org.apache.catalina.core.StandardService.startInternal Starting service [Catalina]
13-Apr-2022 11:27:59.090 INFO [main] org.apache.catalina.core.StandardEngine.startInternal Starting Servlet engine: [Apache Tomcat/10.0.20]
13-Apr-2022 11:27:59.104 INFO [main] org.apache.catalina.startup.HostConfig.deployDirectory Deploying web application directory [C:\Users\goncalo.diogo\IdeaProjects\JSP\apache-tomcat-10.0.20\webapps\docs]
13-Apr-2022 11:27:59.382 INFO [main] org.apache.catalina.startup.HostConfig.deployDirectory Deployment of web application directory [C:\Users\goncalo.diogo\IdeaProjects\JSP\apache-tomcat-10.0.20\webapps\docs] has finished in [278] ms
13-Apr-2022 11:27:59.383 INFO [main] org.apache.catalina.startup.HostConfig.deployDirectory Deploying web application directory [C:\Users\goncalo.diogo\IdeaProjects\JSP\apache-tomcat-10.0.20\webapps\examples]
13-Apr-2022 11:28:00.007 INFO [main] org.apache.catalina.startup.HostConfig.deployDirectory Deployment of web application directory [C:\Users\goncalo.diogo\IdeaProjects\JSP\apache-tomcat-10.0.20\webapps\examples] has finished in [624] ms
13-Apr-2022 11:28:00.008 INFO [main] org.apache.catalina.startup.HostConfig.deployDirectory Deploying web application directory [C:\Users\goncalo.diogo\IdeaProjects\JSP\apache-tomcat-10.0.20\webapps\host-manager]
13-Apr-2022 11:28:00.083 INFO [main] org.apache.catalina.startup.HostConfig.deployDirectory Deployment of web application directory [C:\Users\goncalo.diogo\IdeaProjects\JSP\apache-tomcat-10.0.20\webapps\host-manager] has finished in [75] ms
13-Apr-2022 11:28:00.083 INFO [main] org.apache.catalina.startup.HostConfig.deployDirectory Deploying web application directory [C:\Users\goncalo.diogo\IdeaProjects\JSP\apache-tomcat-10.0.20\webapps\manager]
13-Apr-2022 11:28:00.164 INFO [main] org.apache.catalina.startup.HostConfig.deployDirectory Deployment of web application directory [C:\Users\goncalo.diogo\IdeaProjects\JSP\apache-tomcat-10.0.20\webapps\manager] has finished in [80] ms
13-Apr-2022 11:28:00.164 INFO [main] org.apache.catalina.startup.HostConfig.deployDirectory Deploying web application directory [C:\Users\goncalo.diogo\IdeaProjects\JSP\apache-tomcat-10.0.20\webapps\ROOT]
13-Apr-2022 11:28:00.214 INFO [main] org.apache.catalina.startup.HostConfig.deployDirectory Deployment of web application directory [C:\Users\goncalo.diogo\IdeaProjects\JSP\apache-tomcat-10.0.20\webapps\ROOT] has finished in [49] ms
13-Apr-2022 11:28:00.217 INFO [main] org.apache.coyote.AbstractProtocol.start Starting ProtocolHandler ["http-nio-8080"]
13-Apr-2022 11:28:00.270 INFO [main] org.apache.catalina.startup.Catalina.start Server startup in [1215] milliseconds
13-Apr-2022 11:30:20.398 INFO [Catalina-utility-1] org.apache.catalina.startup.HostConfig.deployWAR Deploying web application archive [C:\Users\goncalo.diogo\IdeaProjects\JSP\apache-tomcat-10.0.20\webapps\JSP.war]
13-Apr-2022 11:30:20.475 INFO [Catalina-utility-1] org.apache.catalina.startup.HostConfig.deployWAR Deployment of web application archive [C:\Users\goncalo.diogo\IdeaProjects\JSP\apache-tomcat-10.0.20\webapps\JSP.war] has finished in [77] ms
13-Apr-2022 11:31:58.814 INFO [main] org.apache.catalina.startup.VersionLoggerListener.log Server version name:   Apache Tomcat/10.0.20
13-Apr-2022 11:31:58.817 INFO [main] org.apache.catalina.startup.VersionLoggerListener.log Server built:          Mar 31 2022 14:24:36 UTC
13-Apr-2022 11:31:58.817 INFO [main] org.apache.catalina.startup.VersionLoggerListener.log Server version number: 10.0.20.0
13-Apr-2022 11:31:58.817 INFO [main] org.apache.catalina.startup.VersionLoggerListener.log OS Name:               Windows 10
13-Apr-2022 11:31:58.817 INFO [main] org.apache.catalina.startup.VersionLoggerListener.log OS Version:            10.0
13-Apr-2022 11:31:58.817 INFO [main] org.apache.catalina.startup.VersionLoggerListener.log Architecture:          amd64
13-Apr-2022 11:31:58.817 INFO [main] org.apache.catalina.startup.VersionLoggerListener.log Java Home:             C:\Program Files\Java\jdk-18
13-Apr-2022 11:31:58.817 INFO [main] org.apache.catalina.startup.VersionLoggerListener.log JVM Version:           18+36-2087
13-Apr-2022 11:31:58.817 INFO [main] org.apache.catalina.startup.VersionLoggerListener.log JVM Vendor:            Oracle Corporation
13-Apr-2022 11:31:58.817 INFO [main] org.apache.catalina.startup.VersionLoggerListener.log CATALINA_BASE:         C:\Users\goncalo.diogo\IdeaProjects\JSP\apache-tomcat-10.0.20
13-Apr-2022 11:31:58.818 INFO [main] org.apache.catalina.startup.VersionLoggerListener.log CATALINA_HOME:         C:\Users\goncalo.diogo\IdeaProjects\JSP\apache-tomcat-10.0.20
13-Apr-2022 11:31:58.829 INFO [main] org.apache.catalina.startup.VersionLoggerListener.log Command line argument: --add-opens=java.base/java.lang=ALL-UNNAMED
13-Apr-2022 11:31:58.830 INFO [main] org.apache.catalina.startup.VersionLoggerListener.log Command line argument: --add-opens=java.base/java.io=ALL-UNNAMED
13-Apr-2022 11:31:58.830 INFO [main] org.apache.catalina.startup.VersionLoggerListener.log Command line argument: --add-opens=java.base/java.util=ALL-UNNAMED
13-Apr-2022 11:31:58.830 INFO [main] org.apache.catalina.startup.VersionLoggerListener.log Command line argument: --add-opens=java.base/java.util.concurrent=ALL-UNNAMED
13-Apr-2022 11:31:58.830 INFO [main] org.apache.catalina.startup.VersionLoggerListener.log Command line argument: --add-opens=java.rmi/sun.rmi.transport=ALL-UNNAMED
13-Apr-2022 11:31:58.831 INFO [main] org.apache.catalina.startup.VersionLoggerListener.log Command line argument: -Djava.util.logging.config.file=C:\Users\goncalo.diogo\IdeaProjects\JSP\apache-tomcat-10.0.20\conf\logging.properties
13-Apr-2022 11:31:58.831 INFO [main] org.apache.catalina.startup.VersionLoggerListener.log Command line argument: -Djava.util.logging.manager=org.apache.juli.ClassLoaderLogManager
13-Apr-2022 11:31:58.832 INFO [main] org.apache.catalina.startup.VersionLoggerListener.log Command line argument: -Djdk.tls.ephemeralDHKeySize=2048
13-Apr-2022 11:31:58.832 INFO [main] org.apache.catalina.startup.VersionLoggerListener.log Command line argument: -Djava.protocol.handler.pkgs=org.apache.catalina.webresources
13-Apr-2022 11:31:58.832 INFO [main] org.apache.catalina.startup.VersionLoggerListener.log Command line argument: -Dignore.endorsed.dirs=
13-Apr-2022 11:31:58.832 INFO [main] org.apache.catalina.startup.VersionLoggerListener.log Command line argument: -Dcatalina.base=C:\Users\goncalo.diogo\IdeaProjects\JSP\apache-tomcat-10.0.20
13-Apr-2022 11:31:58.833 INFO [main] org.apache.catalina.startup.VersionLoggerListener.log Command line argument: -Dcatalina.home=C:\Users\goncalo.diogo\IdeaProjects\JSP\apache-tomcat-10.0.20
13-Apr-2022 11:31:58.833 INFO [main] org.apache.catalina.startup.VersionLoggerListener.log Command line argument: -Djava.io.tmpdir=C:\Users\goncalo.diogo\IdeaProjects\JSP\apache-tomcat-10.0.20\temp
13-Apr-2022 11:31:58.839 INFO [main] org.apache.catalina.core.AprLifecycleListener.lifecycleEvent The Apache Tomcat Native library which allows using OpenSSL was not found on the java.library.path: [C:\Program Files\Java\jdk-18\bin;C:\windows\Sun\Java\bin;C:\windows\system32;C:\windows;C:\Program Files\Common Files\Oracle\Java\javapath;C:\windows\system32;C:\windows;C:\windows\System32\Wbem;C:\windows\System32\WindowsPowerShell\v1.0\;C:\windows\System32\OpenSSH\;%JAVA_HOME\bin;C:\Program Files\Git\cmd;C:\Users\goncalo.diogo\Documents\apache-maven-3.8.5\bin;C:\Program Files\MySQL\MySQL Shell 8.0\bin\;C:\Users\goncalo.diogo\AppData\Local\Microsoft\WindowsApps;;C:\Users\goncalo.diogo\AppData\Local\Programs\Microsoft VS Code\bin;C:\Program Files\JetBrains\IntelliJ IDEA Community Edition 2021.3.3\bin;;.]
13-Apr-2022 11:31:59.055 INFO [main] org.apache.coyote.AbstractProtocol.init Initializing ProtocolHandler ["http-nio-8080"]
13-Apr-2022 11:31:59.070 INFO [main] org.apache.catalina.startup.Catalina.load Server initialization in [391] milliseconds
13-Apr-2022 11:31:59.105 INFO [main] org.apache.catalina.core.StandardService.startInternal Starting service [Catalina]
13-Apr-2022 11:31:59.105 INFO [main] org.apache.catalina.core.StandardEngine.startInternal Starting Servlet engine: [Apache Tomcat/10.0.20]
13-Apr-2022 11:31:59.122 INFO [main] org.apache.catalina.startup.HostConfig.deployWAR Deploying web application archive [C:\Users\goncalo.diogo\IdeaProjects\JSP\apache-tomcat-10.0.20\webapps\JSP.war]
13-Apr-2022 11:31:59.393 INFO [main] org.apache.catalina.startup.HostConfig.deployWAR Deployment of web application archive [C:\Users\goncalo.diogo\IdeaProjects\JSP\apache-tomcat-10.0.20\webapps\JSP.war] has finished in [269] ms
13-Apr-2022 11:31:59.394 INFO [main] org.apache.catalina.startup.HostConfig.deployDirectory Deploying web application directory [C:\Users\goncalo.diogo\IdeaProjects\JSP\apache-tomcat-10.0.20\webapps\docs]
13-Apr-2022 11:31:59.429 INFO [main] org.apache.catalina.startup.HostConfig.deployDirectory Deployment of web application directory [C:\Users\goncalo.diogo\IdeaProjects\JSP\apache-tomcat-10.0.20\webapps\docs] has finished in [35] ms
13-Apr-2022 11:31:59.430 INFO [main] org.apache.catalina.startup.HostConfig.deployDirectory Deploying web application directory [C:\Users\goncalo.diogo\IdeaProjects\JSP\apache-tomcat-10.0.20\webapps\examples]
13-Apr-2022 11:31:59.981 INFO [main] org.apache.catalina.startup.HostConfig.deployDirectory Deployment of web application directory [C:\Users\goncalo.diogo\IdeaProjects\JSP\apache-tomcat-10.0.20\webapps\examples] has finished in [551] ms
13-Apr-2022 11:31:59.982 INFO [main] org.apache.catalina.startup.HostConfig.deployDirectory Deploying web application directory [C:\Users\goncalo.diogo\IdeaProjects\JSP\apache-tomcat-10.0.20\webapps\host-manager]
13-Apr-2022 11:32:00.044 INFO [main] org.apache.catalina.startup.HostConfig.deployDirectory Deployment of web application directory [C:\Users\goncalo.diogo\IdeaProjects\JSP\apache-tomcat-10.0.20\webapps\host-manager] has finished in [61] ms
13-Apr-2022 11:32:00.045 INFO [main] org.apache.catalina.startup.HostConfig.deployDirectory Deploying web application directory [C:\Users\goncalo.diogo\IdeaProjects\JSP\apache-tomcat-10.0.20\webapps\manager]
13-Apr-2022 11:32:00.123 INFO [main] org.apache.catalina.startup.HostConfig.deployDirectory Deployment of web application directory [C:\Users\goncalo.diogo\IdeaProjects\JSP\apache-tomcat-10.0.20\webapps\manager] has finished in [79] ms
13-Apr-2022 11:32:00.124 INFO [main] org.apache.catalina.startup.HostConfig.deployDirectory Deploying web application directory [C:\Users\goncalo.diogo\IdeaProjects\JSP\apache-tomcat-10.0.20\webapps\ROOT]
13-Apr-2022 11:32:00.166 INFO [main] org.apache.catalina.startup.HostConfig.deployDirectory Deployment of web application directory [C:\Users\goncalo.diogo\IdeaProjects\JSP\apache-tomcat-10.0.20\webapps\ROOT] has finished in [43] ms
13-Apr-2022 11:32:00.170 INFO [main] org.apache.coyote.AbstractProtocol.start Starting ProtocolHandler ["http-nio-8080"]
13-Apr-2022 11:32:00.220 INFO [main] org.apache.catalina.startup.Catalina.start Server startup in [1149] milliseconds
13-Apr-2022 11:36:01.028 INFO [Catalina-utility-2] org.apache.catalina.startup.HostConfig.undeploy Undeploying context [/JSP]
13-Apr-2022 11:36:11.083 INFO [Catalina-utility-1] org.apache.catalina.startup.HostConfig.deployWAR Deploying web application archive [C:\Users\goncalo.diogo\IdeaProjects\JSP\apache-tomcat-10.0.20\webapps\JSP.war]
13-Apr-2022 11:36:11.149 INFO [Catalina-utility-1] org.apache.catalina.startup.HostConfig.deployWAR Deployment of web application archive [C:\Users\goncalo.diogo\IdeaProjects\JSP\apache-tomcat-10.0.20\webapps\JSP.war] has finished in [66] ms
13-Apr-2022 11:39:31.418 INFO [Catalina-utility-2] org.apache.catalina.startup.HostConfig.undeploy Undeploying context [/JSP]
13-Apr-2022 11:39:31.458 INFO [Catalina-utility-2] org.apache.catalina.startup.HostConfig.deployWAR Deploying web application archive [C:\Users\goncalo.diogo\IdeaProjects\JSP\apache-tomcat-10.0.20\webapps\JSP.war]
13-Apr-2022 11:39:31.548 INFO [Catalina-utility-2] org.apache.catalina.startup.HostConfig.deployWAR Deployment of web application archive [C:\Users\goncalo.diogo\IdeaProjects\JSP\apache-tomcat-10.0.20\webapps\JSP.war] has finished in [89] ms
13-Apr-2022 11:44:02.425 INFO [Catalina-utility-1] org.apache.catalina.startup.HostConfig.undeploy Undeploying context [/JSP]
13-Apr-2022 11:44:12.478 INFO [Catalina-utility-1] org.apache.catalina.startup.HostConfig.deployWAR Deploying web application archive [C:\Users\goncalo.diogo\IdeaProjects\JSP\apache-tomcat-10.0.20\webapps\JSP.war]
13-Apr-2022 11:44:12.560 INFO [Catalina-utility-1] org.apache.catalina.startup.HostConfig.deployWAR Deployment of web application archive [C:\Users\goncalo.diogo\IdeaProjects\JSP\apache-tomcat-10.0.20\webapps\JSP.war] has finished in [82] ms
13-Apr-2022 11:45:13.146 INFO [Catalina-utility-1] org.apache.catalina.startup.HostConfig.undeploy Undeploying context [/JSP]
13-Apr-2022 11:45:23.193 INFO [Catalina-utility-2] org.apache.catalina.startup.HostConfig.deployWAR Deploying web application archive [C:\Users\goncalo.diogo\IdeaProjects\JSP\apache-tomcat-10.0.20\webapps\JSP.war]
13-Apr-2022 11:45:23.287 INFO [Catalina-utility-2] org.apache.catalina.startup.HostConfig.deployWAR Deployment of web application archive [C:\Users\goncalo.diogo\IdeaProjects\JSP\apache-tomcat-10.0.20\webapps\JSP.war] has finished in [93] ms
13-Apr-2022 11:50:54.278 INFO [Catalina-utility-2] org.apache.catalina.startup.HostConfig.undeploy Undeploying context [/JSP]
13-Apr-2022 11:51:04.357 INFO [Catalina-utility-2] org.apache.catalina.startup.HostConfig.deployWAR Deploying web application archive [C:\Users\goncalo.diogo\IdeaProjects\JSP\apache-tomcat-10.0.20\webapps\JSP.war]
13-Apr-2022 11:51:04.468 INFO [Catalina-utility-2] org.apache.catalina.startup.HostConfig.deployWAR Deployment of web application archive [C:\Users\goncalo.diogo\IdeaProjects\JSP\apache-tomcat-10.0.20\webapps\JSP.war] has finished in [111] ms
13-Apr-2022 11:55:14.815 INFO [Catalina-utility-2] org.apache.catalina.startup.HostConfig.undeploy Undeploying context [/JSP]
13-Apr-2022 11:55:14.852 INFO [Catalina-utility-2] org.apache.catalina.startup.HostConfig.deployWAR Deploying web application archive [C:\Users\goncalo.diogo\IdeaProjects\JSP\apache-tomcat-10.0.20\webapps\JSP.war]
13-Apr-2022 11:55:14.912 INFO [Catalina-utility-2] org.apache.catalina.startup.HostConfig.deployWAR Deployment of web application archive [C:\Users\goncalo.diogo\IdeaProjects\JSP\apache-tomcat-10.0.20\webapps\JSP.war] has finished in [60] ms
13-Apr-2022 11:56:25.505 INFO [Catalina-utility-2] org.apache.catalina.startup.HostConfig.undeploy Undeploying context [/JSP]
13-Apr-2022 11:56:35.583 INFO [Catalina-utility-2] org.apache.catalina.startup.HostConfig.deployWAR Deploying web application archive [C:\Users\goncalo.diogo\IdeaProjects\JSP\apache-tomcat-10.0.20\webapps\JSP.war]
13-Apr-2022 11:56:35.674 INFO [Catalina-utility-2] org.apache.catalina.startup.HostConfig.deployWAR Deployment of web application archive [C:\Users\goncalo.diogo\IdeaProjects\JSP\apache-tomcat-10.0.20\webapps\JSP.war] has finished in [91] ms
13-Apr-2022 11:57:35.766 INFO [Catalina-utility-2] org.apache.catalina.startup.HostConfig.undeploy Undeploying context [/JSP]
13-Apr-2022 11:57:35.800 INFO [Catalina-utility-2] org.apache.catalina.startup.HostConfig.deployWAR Deploying web application archive [C:\Users\goncalo.diogo\IdeaProjects\JSP\apache-tomcat-10.0.20\webapps\JSP.war]
13-Apr-2022 11:57:35.863 INFO [Catalina-utility-2] org.apache.catalina.startup.HostConfig.deployWAR Deployment of web application archive [C:\Users\goncalo.diogo\IdeaProjects\JSP\apache-tomcat-10.0.20\webapps\JSP.war] has finished in [63] ms
